[debug] [2025-07-13T06:19:27.745Z] ----------------------------------------------------------------------
[debug] [2025-07-13T06:19:27.752Z] Command:       /Users/zlh/.nvm/versions/node/v22.11.0/bin/node /Users/zlh/.nvm/versions/node/v20.18.1/bin/firebase deploy --only functions:testGroup --project default-sa-test-90b15
[debug] [2025-07-13T06:19:27.752Z] CLI Version:   14.10.1
[debug] [2025-07-13T06:19:27.752Z] Platform:      darwin
[debug] [2025-07-13T06:19:27.752Z] Node Version:  v22.11.0
[debug] [2025-07-13T06:19:27.752Z] Time:          Sun Jul 13 2025 14:19:27 GMT+0800 (中国标准时间)
[debug] [2025-07-13T06:19:27.752Z] ----------------------------------------------------------------------
[debug] 
[debug] [2025-07-13T06:19:27.842Z] > command requires scopes: ["email","openid","https://www.googleapis.com/auth/cloudplatformprojects.readonly","https://www.googleapis.com/auth/firebase","https://www.googleapis.com/auth/cloud-platform"]
[debug] [2025-07-13T06:19:28.106Z] Running auto auth
[debug] [2025-07-13T06:19:28.106Z] [iam] checking project default-sa-test-90b15 for permissions ["cloudfunctions.functions.create","cloudfunctions.functions.delete","cloudfunctions.functions.get","cloudfunctions.functions.list","cloudfunctions.functions.update","cloudfunctions.operations.get","firebase.projects.get"]
[debug] [2025-07-13T06:19:28.107Z] No OAuth tokens found
[debug] [2025-07-13T06:19:28.107Z] >>> [apiv2][query] POST https://cloudresourcemanager.googleapis.com/v1/projects/default-sa-test-90b15:testIamPermissions [none]
[debug] [2025-07-13T06:19:28.107Z] >>> [apiv2][(partial)header] POST https://cloudresourcemanager.googleapis.com/v1/projects/default-sa-test-90b15:testIamPermissions x-goog-quota-user=projects/default-sa-test-90b15
[debug] [2025-07-13T06:19:28.107Z] >>> [apiv2][body] POST https://cloudresourcemanager.googleapis.com/v1/projects/default-sa-test-90b15:testIamPermissions {"permissions":["cloudfunctions.functions.create","cloudfunctions.functions.delete","cloudfunctions.functions.get","cloudfunctions.functions.list","cloudfunctions.functions.update","cloudfunctions.operations.get","firebase.projects.get"]}
[debug] [2025-07-13T06:19:29.126Z] <<< [apiv2][status] POST https://cloudresourcemanager.googleapis.com/v1/projects/default-sa-test-90b15:testIamPermissions 200
[debug] [2025-07-13T06:19:29.126Z] <<< [apiv2][body] POST https://cloudresourcemanager.googleapis.com/v1/projects/default-sa-test-90b15:testIamPermissions {"permissions":["cloudfunctions.functions.create","cloudfunctions.functions.delete","cloudfunctions.functions.get","cloudfunctions.functions.list","cloudfunctions.functions.update","cloudfunctions.operations.get","firebase.projects.get"]}
[debug] [2025-07-13T06:19:29.126Z] No OAuth tokens found
[debug] [2025-07-13T06:19:29.127Z] >>> [apiv2][query] POST https://iam.googleapis.com/v1/projects/default-sa-test-90b15/serviceAccounts/default-sa-test-90b15@appspot.gserviceaccount.com:testIamPermissions [none]
[debug] [2025-07-13T06:19:29.127Z] >>> [apiv2][body] POST https://iam.googleapis.com/v1/projects/default-sa-test-90b15/serviceAccounts/default-sa-test-90b15@appspot.gserviceaccount.com:testIamPermissions {"permissions":["iam.serviceAccounts.actAs"]}
[debug] [2025-07-13T06:19:30.509Z] <<< [apiv2][status] POST https://iam.googleapis.com/v1/projects/default-sa-test-90b15/serviceAccounts/default-sa-test-90b15@appspot.gserviceaccount.com:testIamPermissions 200
[debug] [2025-07-13T06:19:30.509Z] <<< [apiv2][body] POST https://iam.googleapis.com/v1/projects/default-sa-test-90b15/serviceAccounts/default-sa-test-90b15@appspot.gserviceaccount.com:testIamPermissions {"permissions":["iam.serviceAccounts.actAs"]}
[info] 
[info] === Deploying to 'default-sa-test-90b15'...
[info] 
[info] i  deploying functions 
[debug] [2025-07-13T06:19:30.510Z] No OAuth tokens found
[debug] [2025-07-13T06:19:30.510Z] >>> [apiv2][query] GET https://cloudresourcemanager.googleapis.com/v1/projects/default-sa-test-90b15 [none]
[debug] [2025-07-13T06:19:30.761Z] <<< [apiv2][status] GET https://cloudresourcemanager.googleapis.com/v1/projects/default-sa-test-90b15 200
[debug] [2025-07-13T06:19:30.761Z] <<< [apiv2][body] GET https://cloudresourcemanager.googleapis.com/v1/projects/default-sa-test-90b15 {"projectNumber":"638315697811","projectId":"default-sa-test-90b15","lifecycleState":"ACTIVE","name":"default-sa-test","labels":{"firebase":"enabled","firebase-core":"disabled"},"createTime":"2025-07-12T13:17:52.838622Z"}
[info] i  functions: preparing codebase default for deployment 
[info] i  functions: ensuring required API cloudfunctions.googleapis.com is enabled... 
[info] i  functions: ensuring required API cloudbuild.googleapis.com is enabled... 
[info] i  artifactregistry: ensuring required API artifactregistry.googleapis.com is enabled... 
[debug] [2025-07-13T06:19:30.762Z] No OAuth tokens found
[debug] [2025-07-13T06:19:30.762Z] >>> [apiv2][query] GET https://firebase.googleapis.com/v1beta1/projects/default-sa-test-90b15/adminSdkConfig [none]
[debug] [2025-07-13T06:19:31.214Z] <<< [apiv2][status] GET https://firebase.googleapis.com/v1beta1/projects/default-sa-test-90b15/adminSdkConfig 200
[debug] [2025-07-13T06:19:31.214Z] <<< [apiv2][body] GET https://firebase.googleapis.com/v1beta1/projects/default-sa-test-90b15/adminSdkConfig {"projectId":"default-sa-test-90b15","storageBucket":"default-sa-test-90b15.firebasestorage.app"}
[debug] [2025-07-13T06:19:31.214Z] No OAuth tokens found
[debug] [2025-07-13T06:19:31.214Z] >>> [apiv2][query] GET https://runtimeconfig.googleapis.com/v1beta1/projects/default-sa-test-90b15/configs [none]
[debug] [2025-07-13T06:19:31.774Z] <<< [apiv2][status] GET https://runtimeconfig.googleapis.com/v1beta1/projects/default-sa-test-90b15/configs 200
[debug] [2025-07-13T06:19:31.774Z] <<< [apiv2][body] GET https://runtimeconfig.googleapis.com/v1beta1/projects/default-sa-test-90b15/configs {}
[debug] [2025-07-13T06:19:31.775Z] Validating nodejs source
[debug] [2025-07-13T06:19:32.180Z] > [functions] package.json contents: {
  "name": "functions",
  "description": "Cloud Functions for Firebase",
  "scripts": {
    "serve": "firebase emulators:start --only functions",
    "shell": "firebase functions:shell",
    "start": "npm run shell",
    "deploy": "firebase deploy --only functions",
    "logs": "firebase functions:log"
  },
  "engines": {
    "node": "22"
  },
  "main": "index.js",
  "dependencies": {
    "firebase-admin": "^12.6.0",
    "firebase-functions": "^6.0.1"
  },
  "devDependencies": {
    "firebase-functions-test": "^3.1.0"
  },
  "private": true
}
[debug] [2025-07-13T06:19:32.181Z] Building nodejs source
[info] i  functions: Loading and analyzing source code for codebase default to determine what to deploy 
[debug] [2025-07-13T06:19:32.181Z] Could not find functions.yaml. Must use http discovery
[debug] [2025-07-13T06:19:32.185Z] Found firebase-functions binary at '/Users/zlh/代码仓库/个人项目/default-sa-test/functions/node_modules/.bin/firebase-functions'
[info] Serving at port 8512

[debug] [2025-07-13T06:19:32.474Z] Got response from /__/functions.yaml {"endpoints":{"testGroup-addmessage":{"availableMemoryMb":null,"timeoutSeconds":null,"minInstances":null,"maxInstances":null,"ingressSettings":null,"concurrency":null,"serviceAccountEmail":"compute-custom@default-sa-test-90b15.iam.gserviceaccount.com","vpc":null,"platform":"gcfv2","labels":{},"callableTrigger":{},"entryPoint":"testGroup.addmessage"}},"specVersion":"v1alpha1","requiredAPIs":[],"extensions":{}}
[info] i  extensions: ensuring required API firebaseextensions.googleapis.com is enabled... 
[debug] [2025-07-13T06:19:36.490Z] > command requires scopes: ["email","openid","https://www.googleapis.com/auth/cloudplatformprojects.readonly","https://www.googleapis.com/auth/firebase","https://www.googleapis.com/auth/cloud-platform"]
[debug] [2025-07-13T06:19:36.490Z] Running auto auth
[debug] [2025-07-13T06:19:36.490Z] [iam] checking project default-sa-test-90b15 for permissions ["firebase.projects.get","firebaseextensions.instances.list"]
[debug] [2025-07-13T06:19:36.491Z] No OAuth tokens found
[debug] [2025-07-13T06:19:36.491Z] >>> [apiv2][query] POST https://cloudresourcemanager.googleapis.com/v1/projects/default-sa-test-90b15:testIamPermissions [none]
[debug] [2025-07-13T06:19:36.491Z] >>> [apiv2][(partial)header] POST https://cloudresourcemanager.googleapis.com/v1/projects/default-sa-test-90b15:testIamPermissions x-goog-quota-user=projects/default-sa-test-90b15
[debug] [2025-07-13T06:19:36.491Z] >>> [apiv2][body] POST https://cloudresourcemanager.googleapis.com/v1/projects/default-sa-test-90b15:testIamPermissions {"permissions":["firebase.projects.get","firebaseextensions.instances.list"]}
[debug] [2025-07-13T06:19:37.458Z] <<< [apiv2][status] POST https://cloudresourcemanager.googleapis.com/v1/projects/default-sa-test-90b15:testIamPermissions 200
[debug] [2025-07-13T06:19:37.458Z] <<< [apiv2][body] POST https://cloudresourcemanager.googleapis.com/v1/projects/default-sa-test-90b15:testIamPermissions {"permissions":["firebase.projects.get","firebaseextensions.instances.list"]}
[debug] [2025-07-13T06:19:37.458Z] No OAuth tokens found
[debug] [2025-07-13T06:19:37.458Z] >>> [apiv2][query] GET https://firebaseextensions.googleapis.com/v1beta/projects/default-sa-test-90b15/instances pageSize=100&pageToken=
[debug] [2025-07-13T06:19:38.746Z] <<< [apiv2][status] GET https://firebaseextensions.googleapis.com/v1beta/projects/default-sa-test-90b15/instances 200
[debug] [2025-07-13T06:19:38.746Z] <<< [apiv2][body] GET https://firebaseextensions.googleapis.com/v1beta/projects/default-sa-test-90b15/instances {}
[info] i  functions: preparing functions directory for uploading... 
[info] i  functions: packaged /Users/zlh/代码仓库/个人项目/default-sa-test/functions (67.93 KB) for uploading 
[debug] [2025-07-13T06:19:38.762Z] No OAuth tokens found
[debug] [2025-07-13T06:19:38.762Z] >>> [apiv2][query] GET https://cloudfunctions.googleapis.com/v1/projects/default-sa-test-90b15/locations/-/functions [none]
[debug] [2025-07-13T06:19:39.692Z] <<< [apiv2][status] GET https://cloudfunctions.googleapis.com/v1/projects/default-sa-test-90b15/locations/-/functions 200
[debug] [2025-07-13T06:19:39.692Z] <<< [apiv2][body] GET https://cloudfunctions.googleapis.com/v1/projects/default-sa-test-90b15/locations/-/functions {}
[debug] [2025-07-13T06:19:39.692Z] No OAuth tokens found
[debug] [2025-07-13T06:19:39.693Z] >>> [apiv2][query] GET https://cloudfunctions.googleapis.com/v2/projects/default-sa-test-90b15/locations/-/functions filter=environment%3D%22GEN_2%22
[debug] [2025-07-13T06:19:41.041Z] <<< [apiv2][status] GET https://cloudfunctions.googleapis.com/v2/projects/default-sa-test-90b15/locations/-/functions 200
[debug] [2025-07-13T06:19:41.042Z] <<< [apiv2][body] GET https://cloudfunctions.googleapis.com/v2/projects/default-sa-test-90b15/locations/-/functions {}
[info] i  functions: ensuring required API run.googleapis.com is enabled... 
[info] i  functions: ensuring required API eventarc.googleapis.com is enabled... 
[info] i  functions: ensuring required API pubsub.googleapis.com is enabled... 
[info] i  functions: ensuring required API storage.googleapis.com is enabled... 
[info] i  functions: generating the service identity for pubsub.googleapis.com... 
[debug] [2025-07-13T06:19:41.043Z] No OAuth tokens found
[info] i  functions: generating the service identity for eventarc.googleapis.com... 
[debug] [2025-07-13T06:19:41.043Z] No OAuth tokens found
[debug] [2025-07-13T06:19:41.043Z] >>> [apiv2][query] POST https://serviceusage.googleapis.com/v1beta1/projects/638315697811/services/pubsub.googleapis.com:generateServiceIdentity [none]
[debug] [2025-07-13T06:19:41.043Z] >>> [apiv2][(partial)header] POST https://serviceusage.googleapis.com/v1beta1/projects/638315697811/services/pubsub.googleapis.com:generateServiceIdentity x-goog-quota-user=projects/638315697811
[debug] [2025-07-13T06:19:41.043Z] >>> [apiv2][body] POST https://serviceusage.googleapis.com/v1beta1/projects/638315697811/services/pubsub.googleapis.com:generateServiceIdentity {}
[debug] [2025-07-13T06:19:41.044Z] >>> [apiv2][query] POST https://serviceusage.googleapis.com/v1beta1/projects/638315697811/services/eventarc.googleapis.com:generateServiceIdentity [none]
[debug] [2025-07-13T06:19:41.044Z] >>> [apiv2][(partial)header] POST https://serviceusage.googleapis.com/v1beta1/projects/638315697811/services/eventarc.googleapis.com:generateServiceIdentity x-goog-quota-user=projects/638315697811
[debug] [2025-07-13T06:19:41.044Z] >>> [apiv2][body] POST https://serviceusage.googleapis.com/v1beta1/projects/638315697811/services/eventarc.googleapis.com:generateServiceIdentity {}
[debug] [2025-07-13T06:19:42.556Z] <<< [apiv2][status] POST https://serviceusage.googleapis.com/v1beta1/projects/638315697811/services/eventarc.googleapis.com:generateServiceIdentity 200
[debug] [2025-07-13T06:19:42.556Z] <<< [apiv2][body] POST https://serviceusage.googleapis.com/v1beta1/projects/638315697811/services/eventarc.googleapis.com:generateServiceIdentity {"name":"operations/finished.DONE_OPERATION","done":true,"response":{"@type":"type.googleapis.com/google.api.serviceusage.v1beta1.ServiceIdentity","email":"service-638315697811@gcp-sa-eventarc.iam.gserviceaccount.com","uniqueId":"101073354770059518449"}}
[debug] [2025-07-13T06:19:42.569Z] <<< [apiv2][status] POST https://serviceusage.googleapis.com/v1beta1/projects/638315697811/services/pubsub.googleapis.com:generateServiceIdentity 200
[debug] [2025-07-13T06:19:42.569Z] <<< [apiv2][body] POST https://serviceusage.googleapis.com/v1beta1/projects/638315697811/services/pubsub.googleapis.com:generateServiceIdentity {"name":"operations/finished.DONE_OPERATION","done":true,"response":{"@type":"type.googleapis.com/google.api.serviceusage.v1beta1.ServiceIdentity","email":"service-638315697811@gcp-sa-pubsub.iam.gserviceaccount.com","uniqueId":"116748776291190594824"}}
[debug] [2025-07-13T06:19:42.570Z] No OAuth tokens found
[debug] [2025-07-13T06:19:42.570Z] >>> [apiv2][query] GET https://cloudbilling.googleapis.com/v1/projects/default-sa-test-90b15/billingInfo [none]
[debug] [2025-07-13T06:19:43.860Z] <<< [apiv2][status] GET https://cloudbilling.googleapis.com/v1/projects/default-sa-test-90b15/billingInfo 200
[debug] [2025-07-13T06:19:43.860Z] <<< [apiv2][body] GET https://cloudbilling.googleapis.com/v1/projects/default-sa-test-90b15/billingInfo {"name":"projects/default-sa-test-90b15/billingInfo","projectId":"default-sa-test-90b15","billingAccountName":"billingAccounts/01E207-7D7DA7-CDA82F","billingEnabled":true}
[debug] [2025-07-13T06:19:43.860Z] No OAuth tokens found
[debug] [2025-07-13T06:19:43.861Z] >>> [apiv2][query] POST https://cloudfunctions.googleapis.com/v2/projects/default-sa-test-90b15/locations/us-central1/functions:generateUploadUrl [none]
[debug] [2025-07-13T06:19:44.997Z] <<< [apiv2][status] POST https://cloudfunctions.googleapis.com/v2/projects/default-sa-test-90b15/locations/us-central1/functions:generateUploadUrl 200
[debug] [2025-07-13T06:19:44.997Z] <<< [apiv2][body] POST https://cloudfunctions.googleapis.com/v2/projects/default-sa-test-90b15/locations/us-central1/functions:generateUploadUrl {"uploadUrl":"https://storage.googleapis.com/gcf-v2-uploads-638315697811.us-central1.cloudfunctions.appspot.com/57c42956-1fad-4b19-8307-9c8d01324d21.zip?GoogleAccessId=service-638315697811@gcf-admin-robot.iam.gserviceaccount.com&Expires=1752389384&Signature=zqiKOgAyu0HZvIYLmaEuQZAbCM2hC341VwOOglYmmUdsQw1pqqDebiMJjMuKpCVd8S2oaKC1Tk0jBT9WvvtEI3rhcHn8sPlg5mbollaUrYE7pZvllVL5Naxr67tNocyvSpnpRwjlF0fL0yRwGo07UTIycq8glFiv%2Fz1OmWOgz1LxbsQx%2BQD6g9LVAgEwTwJXobHd5JIf2YEk1juL16I1pAJYa189lhkrZIGpHO1o%2FlOJI6HxSSTimMewOV0rP4UtQ7AB%2F1ayqFnIAlutTm0D5TnjCbKrBEUGkuptKYKu3nFagAAArairb2E7wbkaImZxrcYguhwKLYekl%2FZ5fGDoLw%3D%3D","storageSource":{"bucket":"gcf-v2-uploads-638315697811.us-central1.cloudfunctions.appspot.com","object":"57c42956-1fad-4b19-8307-9c8d01324d21.zip"}}
[debug] [2025-07-13T06:19:44.997Z] >>> [apiv2][query] PUT https://storage.googleapis.com/gcf-v2-uploads-638315697811.us-central1.cloudfunctions.appspot.com/57c42956-1fad-4b19-8307-9c8d01324d21.zip GoogleAccessId=service-638315697811%40gcf-admin-robot.iam.gserviceaccount.com&Expires=1752389384&Signature=zqiKOgAyu0HZvIYLmaEuQZAbCM2hC341VwOOglYmmUdsQw1pqqDebiMJjMuKpCVd8S2oaKC1Tk0jBT9WvvtEI3rhcHn8sPlg5mbollaUrYE7pZvllVL5Naxr67tNocyvSpnpRwjlF0fL0yRwGo07UTIycq8glFiv%2Fz1OmWOgz1LxbsQx%2BQD6g9LVAgEwTwJXobHd5JIf2YEk1juL16I1pAJYa189lhkrZIGpHO1o%2FlOJI6HxSSTimMewOV0rP4UtQ7AB%2F1ayqFnIAlutTm0D5TnjCbKrBEUGkuptKYKu3nFagAAArairb2E7wbkaImZxrcYguhwKLYekl%2FZ5fGDoLw%3D%3D
[debug] [2025-07-13T06:19:44.997Z] >>> [apiv2][body] PUT https://storage.googleapis.com/gcf-v2-uploads-638315697811.us-central1.cloudfunctions.appspot.com/57c42956-1fad-4b19-8307-9c8d01324d21.zip [stream]
[debug] [2025-07-13T06:19:45.807Z] <<< [apiv2][status] PUT https://storage.googleapis.com/gcf-v2-uploads-638315697811.us-central1.cloudfunctions.appspot.com/57c42956-1fad-4b19-8307-9c8d01324d21.zip 200
[debug] [2025-07-13T06:19:45.807Z] <<< [apiv2][body] PUT https://storage.googleapis.com/gcf-v2-uploads-638315697811.us-central1.cloudfunctions.appspot.com/57c42956-1fad-4b19-8307-9c8d01324d21.zip [omitted]
[info] ✔  functions: functions folder uploaded successfully 
[info] i  functions: creating Node.js 22 (2nd Gen) function testGroup-addmessage(us-central1)... 
[debug] [2025-07-13T06:19:45.809Z] No OAuth tokens found
[debug] [2025-07-13T06:19:45.809Z] >>> [apiv2][query] POST https://cloudfunctions.googleapis.com/v2/projects/default-sa-test-90b15/locations/us-central1/functions functionId=testGroup-addmessage
[debug] [2025-07-13T06:19:45.809Z] >>> [apiv2][body] POST https://cloudfunctions.googleapis.com/v2/projects/default-sa-test-90b15/locations/us-central1/functions {"name":"projects/default-sa-test-90b15/locations/us-central1/functions/testGroup-addmessage","buildConfig":{"runtime":"nodejs22","entryPoint":"testGroup.addmessage","source":{"storageSource":{"bucket":"gcf-v2-uploads-638315697811.us-central1.cloudfunctions.appspot.com","object":"57c42956-1fad-4b19-8307-9c8d01324d21.zip"}},"environmentVariables":{"GOOGLE_NODE_RUN_SCRIPTS":""}},"serviceConfig":{"environmentVariables":{"FIREBASE_CONFIG":"{\"projectId\":\"default-sa-test-90b15\",\"storageBucket\":\"default-sa-test-90b15.firebasestorage.app\"}","GCLOUD_PROJECT":"default-sa-test-90b15","EVENTARC_CLOUD_EVENT_SOURCE":"projects/default-sa-test-90b15/locations/us-central1/services/testGroup-addmessage","FUNCTION_TARGET":"testGroup.addmessage","LOG_EXECUTION_ID":"true"},"ingressSettings":null,"timeoutSeconds":null,"serviceAccountEmail":"compute-custom@default-sa-test-90b15.iam.gserviceaccount.com","availableMemory":"256Mi","minInstanceCount":null,"maxInstanceCount":null,"maxInstanceRequestConcurrency":80,"availableCpu":"1","vpcConnector":null,"vpcConnectorEgressSettings":null},"labels":{"deployment-tool":"cli-firebase","deployment-callable":"true","firebase-functions-hash":"c2f45b8c9879a42076bcea4c14caa397ee5943f0"}}
[debug] [2025-07-13T06:19:47.673Z] <<< [apiv2][status] POST https://cloudfunctions.googleapis.com/v2/projects/default-sa-test-90b15/locations/us-central1/functions 404
[debug] [2025-07-13T06:19:47.673Z] <<< [apiv2][body] POST https://cloudfunctions.googleapis.com/v2/projects/default-sa-test-90b15/locations/us-central1/functions {"error":{"code":404,"message":"Service account projects/-/serviceAccounts/638315697811-compute@developer.gserviceaccount.com was not found.","status":"NOT_FOUND"}}
[warn] ⚠  functions: Request to https://cloudfunctions.googleapis.com/v2/projects/default-sa-test-90b15/locations/us-central1/functions?functionId=testGroup-addmessage had HTTP Error: 404, Service account projects/-/serviceAccounts/638315697811-compute@developer.gserviceaccount.com was not found. 
[warn] ⚠  functions:  failed to create function projects/default-sa-test-90b15/locations/us-central1/functions/testGroup-addmessage 
[error] Failed to create function projects/default-sa-test-90b15/locations/us-central1/functions/testGroup-addmessage
[debug] [2025-07-13T06:19:47.674Z] Total Function Deployment time: 1865
[debug] [2025-07-13T06:19:47.674Z] 1 Functions Deployed
[debug] [2025-07-13T06:19:47.674Z] 1 Functions Errored
[debug] [2025-07-13T06:19:47.674Z] 0 Function Deployments Aborted
[debug] [2025-07-13T06:19:47.674Z] Average Function Deployment time: 1865
[info] 
[info] Functions deploy had errors with the following functions:
	testGroup-addmessage(us-central1)
[debug] [2025-07-13T06:19:47.674Z] No OAuth tokens found
[debug] [2025-07-13T06:19:47.674Z] >>> [apiv2][query] GET https://artifactregistry.googleapis.com/v1/projects/default-sa-test-90b15/locations/us-central1/repositories/gcf-artifacts [none]
[debug] [2025-07-13T06:19:48.926Z] <<< [apiv2][status] GET https://artifactregistry.googleapis.com/v1/projects/default-sa-test-90b15/locations/us-central1/repositories/gcf-artifacts 200
[debug] [2025-07-13T06:19:48.926Z] <<< [apiv2][body] GET https://artifactregistry.googleapis.com/v1/projects/default-sa-test-90b15/locations/us-central1/repositories/gcf-artifacts {"name":"projects/default-sa-test-90b15/locations/us-central1/repositories/gcf-artifacts","format":"DOCKER","description":"This repository is created and used by Cloud Functions for storing function docker images.","labels":{"goog-managed-by":"cloudfunctions"},"createTime":"2025-07-12T13:31:16.286142Z","updateTime":"2025-07-13T06:18:57.904207Z","mode":"STANDARD_REPOSITORY","cleanupPolicies":{"firebase-functions-cleanup":{"id":"firebase-functions-cleanup","action":"DELETE","condition":{"tagState":"ANY","olderThan":"86400s"}}},"sizeBytes":"95771956","vulnerabilityScanningConfig":{"lastEnableTime":"2025-07-12T13:31:07.945588501Z","enablementState":"SCANNING_DISABLED","enablementStateReason":"API containerscanning.googleapis.com is not enabled."},"satisfiesPzi":true,"registryUri":"us-central1-docker.pkg.dev/default-sa-test-90b15/gcf-artifacts"}
[debug] [2025-07-13T06:19:48.926Z] Functions deploy failed.
[debug] [2025-07-13T06:19:48.926Z] {
  "endpoint": {
    "id": "testGroup-addmessage",
    "project": "default-sa-test-90b15",
    "region": "us-central1",
    "entryPoint": "testGroup.addmessage",
    "platform": "gcfv2",
    "runtime": "nodejs22",
    "callableTrigger": {},
    "labels": {
      "deployment-tool": "cli-firebase"
    },
    "serviceAccount": "compute-custom@default-sa-test-90b15.iam.gserviceaccount.com",
    "ingressSettings": null,
    "availableMemoryMb": null,
    "timeoutSeconds": null,
    "maxInstances": null,
    "minInstances": null,
    "concurrency": 80,
    "vpc": null,
    "environmentVariables": {
      "FIREBASE_CONFIG": "{\"projectId\":\"default-sa-test-90b15\",\"storageBucket\":\"default-sa-test-90b15.firebasestorage.app\"}",
      "GCLOUD_PROJECT": "default-sa-test-90b15",
      "EVENTARC_CLOUD_EVENT_SOURCE": "projects/default-sa-test-90b15/locations/us-central1/services/testGroup-addmessage"
    },
    "codebase": "default",
    "cpu": 1,
    "targetedByOnly": true,
    "hash": "c2f45b8c9879a42076bcea4c14caa397ee5943f0"
  },
  "op": "create",
  "original": {
    "name": "FirebaseError",
    "children": [],
    "context": {
      "function": "projects/default-sa-test-90b15/locations/us-central1/functions/testGroup-addmessage"
    },
    "exit": 1,
    "message": "Failed to create function projects/default-sa-test-90b15/locations/us-central1/functions/testGroup-addmessage",
    "original": {
      "name": "FirebaseError",
      "children": [],
      "context": {
        "body": {
          "error": {
            "code": 404,
            "message": "Service account projects/-/serviceAccounts/638315697811-compute@developer.gserviceaccount.com was not found.",
            "status": "NOT_FOUND"
          }
        },
        "response": {
          "statusCode": 404
        }
      },
      "exit": 1,
      "message": "Request to https://cloudfunctions.googleapis.com/v2/projects/default-sa-test-90b15/locations/us-central1/functions?functionId=testGroup-addmessage had HTTP Error: 404, Service account projects/-/serviceAccounts/638315697811-compute@developer.gserviceaccount.com was not found.",
      "status": 404
    },
    "status": 404,
    "code": 404
  }
}
[debug] [2025-07-13T06:19:48.927Z] Error: Failed to create function testGroup-addmessage in region us-central1
    at /Users/zlh/.nvm/versions/node/v20.18.1/lib/node_modules/firebase-tools/lib/deploy/functions/release/fabricator.js:294:27
    at process.processTicksAndRejections (node:internal/process/task_queues:105:5)
    at async Fabricator.createV2Function (/Users/zlh/.nvm/versions/node/v20.18.1/lib/node_modules/firebase-tools/lib/deploy/functions/release/fabricator.js:278:30)
    at async Fabricator.createEndpoint (/Users/zlh/.nvm/versions/node/v20.18.1/lib/node_modules/firebase-tools/lib/deploy/functions/release/fabricator.js:137:13)
    at async handle (/Users/zlh/.nvm/versions/node/v20.18.1/lib/node_modules/firebase-tools/lib/deploy/functions/release/fabricator.js:89:17)
[error] 
[error] Error: There was an error deploying functions
